<?xml version="1.0" encoding="UTF-8"?>
<!-- Generated by org.testng.reporters.JUnitXMLReporter -->
<testsuite ignored="0" hostname="WM-QWQPDX47HR" failures="2" tests="9" name="Sale" time="15.926" errors="0" timestamp="2024-03-06T10:55:00 IST">
  <testcase classname="soapreq.thunes.P24Sale" name="saleRequestWithEmptyApPaymentType" time="2.456"/>
  <testcase classname="soapreq.thunes.P24Sale" name="saleRequestWithEmptyBillToFields" time="1.69">
    <failure type="java.lang.AssertionError" message="expected [REJECT] but found [ACCEPT]">
      <![CDATA[java.lang.AssertionError: expected [REJECT] but found [ACCEPT]
at soapreq.thunes.P24Sale.saleRequestWithEmptyBillToFields(P24Sale.java:148)
at java.base/java.util.ArrayList.forEach(ArrayList.java:1541)
at java.base/java.util.concurrent.FutureTask.run(FutureTask.java:264)
at java.base/java.util.concurrent.ThreadPoolExecutor.runWorker(ThreadPoolExecutor.java:1128)
at java.base/java.util.concurrent.ThreadPoolExecutor$Worker.run(ThreadPoolExecutor.java:628)
at java.base/java.lang.Thread.run(Thread.java:829)
... Removed 23 stack frames]]>
    </failure>
  </testcase> <!-- saleRequestWithEmptyBillToFields -->
  <testcase classname="soapreq.thunes.P24Sale" name="saleRequestWithEmptyCurrency" time="1.369"/>
  <testcase classname="soapreq.thunes.P24Sale" name="saleRequestWithEmptyShipToFields" time="1.771">
    <failure type="java.lang.AssertionError" message="expected [REJECT] but found [ACCEPT]">
      <![CDATA[java.lang.AssertionError: expected [REJECT] but found [ACCEPT]
at soapreq.thunes.P24Sale.saleRequestWithEmptyShipToFields(P24Sale.java:164)
at java.base/java.util.ArrayList.forEach(ArrayList.java:1541)
at java.base/java.util.concurrent.FutureTask.run(FutureTask.java:264)
at java.base/java.util.concurrent.ThreadPoolExecutor.runWorker(ThreadPoolExecutor.java:1128)
at java.base/java.util.concurrent.ThreadPoolExecutor$Worker.run(ThreadPoolExecutor.java:628)
at java.base/java.lang.Thread.run(Thread.java:829)
... Removed 23 stack frames]]>
    </failure>
  </testcase> <!-- saleRequestWithEmptyShipToFields -->
  <testcase classname="soapreq.thunes.P24Sale" name="saleRequestWithInvalidCurrency" time="1.915"/>
  <testcase classname="soapreq.thunes.P24Sale" name="saleRequestWithLongerFirstNameLength" time="1.553"/>
  <testcase classname="soapreq.thunes.P24Sale" name="saleRequestWithLongerPhoneNumberLength" time="1.299"/>
  <testcase classname="soapreq.thunes.P24Sale" name="saleRequestWithNegativeAmount" time="1.338"/>
  <testcase classname="soapreq.thunes.P24Sale" name="saleRequestWithValidValues" time="2.485"/>
</testsuite> <!-- Sale -->
